c:\users\12891\source\repos\server\server\x64\debug\vc142.pdb
c:\users\12891\source\repos\server\server\x64\debug\vc142.idb
c:\users\12891\source\repos\server\server\x64\debug\qrc_server.obj
c:\users\12891\source\repos\server\server\x64\debug\main.obj
c:\users\12891\source\repos\server\server\x64\debug\server.obj
c:\users\12891\source\repos\server\server\x64\debug\moc_server.obj
c:\users\12891\source\repos\server\server\x64\debug\rtmpdigest.obj
c:\users\12891\source\repos\server\server\x64\debug\common.obj
c:\users\12891\source\repos\server\x64\debug\server.exe
c:\users\12891\source\repos\server\server\x64\debug\server.ilk
c:\users\12891\source\repos\server\x64\debug\server.pdb
c:\users\12891\source\repos\server\server\x64\debug\qt\moc\moc_server.cpp
c:\users\12891\source\repos\server\server\x64\debug\qt\rcc\qrc_server.cpp
c:\users\12891\source\repos\server\server\x64\debug\qt\uic\ui_server.h
c:\users\12891\source\repos\server\server\x64\debug\server.tlog\cl.command.1.tlog
c:\users\12891\source\repos\server\server\x64\debug\server.tlog\cl.read.1.tlog
c:\users\12891\source\repos\server\server\x64\debug\server.tlog\cl.write.1.tlog
c:\users\12891\source\repos\server\server\x64\debug\server.tlog\link-cvtres.read.1.tlog
c:\users\12891\source\repos\server\server\x64\debug\server.tlog\link-cvtres.write.1.tlog
c:\users\12891\source\repos\server\server\x64\debug\server.tlog\link-rc.read.1.tlog
c:\users\12891\source\repos\server\server\x64\debug\server.tlog\link-rc.write.1.tlog
c:\users\12891\source\repos\server\server\x64\debug\server.tlog\link.19604-cvtres.read.1.tlog
c:\users\12891\source\repos\server\server\x64\debug\server.tlog\link.19604-cvtres.write.1.tlog
c:\users\12891\source\repos\server\server\x64\debug\server.tlog\link.19604-rc.read.1.tlog
c:\users\12891\source\repos\server\server\x64\debug\server.tlog\link.19604-rc.write.1.tlog
c:\users\12891\source\repos\server\server\x64\debug\server.tlog\link.19604.read.1.tlog
c:\users\12891\source\repos\server\server\x64\debug\server.tlog\link.19604.write.1.tlog
c:\users\12891\source\repos\server\server\x64\debug\server.tlog\link.command.1.tlog
c:\users\12891\source\repos\server\server\x64\debug\server.tlog\link.read.1.tlog
c:\users\12891\source\repos\server\server\x64\debug\server.tlog\link.write.1.tlog
c:\users\12891\source\repos\server\server\x64\debug\server.tlog\moc.read.1u.tlog
c:\users\12891\source\repos\server\server\x64\debug\server.tlog\moc.write.1u.tlog
c:\users\12891\source\repos\server\server\x64\debug\server.tlog\rcc.read.1u.tlog
c:\users\12891\source\repos\server\server\x64\debug\server.tlog\rcc.write.1u.tlog
c:\users\12891\source\repos\server\server\x64\debug\server.tlog\server.write.1u.tlog
c:\users\12891\source\repos\server\server\x64\debug\server.tlog\uic.read.1u.tlog
c:\users\12891\source\repos\server\server\x64\debug\server.tlog\uic.write.1u.tlog
