   Qt/MSBuild: 3.3.1.1
   Qt: 6.4.0
  main.cpp
C:\Users\12891\source\repos\Server\Server\main.cpp(1,1): warning C4828: 文件包含在偏移 0x282f 处开始的字符，该字符在当前源字符集中无效(代码页 65001)。
C:\Users\12891\source\repos\Server\Server\main.cpp(1,1): warning C4828: 文件包含在偏移 0x2830 处开始的字符，该字符在当前源字符集中无效(代码页 65001)。
C:\Users\12891\source\repos\Server\Server\main.cpp(1,1): warning C4828: 文件包含在偏移 0x2831 处开始的字符，该字符在当前源字符集中无效(代码页 65001)。
C:\Users\12891\source\repos\Server\Server\main.cpp(1,1): warning C4828: 文件包含在偏移 0x2832 处开始的字符，该字符在当前源字符集中无效(代码页 65001)。
C:\Users\12891\source\repos\Server\Server\main.cpp(1,1): warning C4828: 文件包含在偏移 0x2833 处开始的字符，该字符在当前源字符集中无效(代码页 65001)。
C:\Users\12891\source\repos\Server\Server\main.cpp(1,1): warning C4828: 文件包含在偏移 0x2835 处开始的字符，该字符在当前源字符集中无效(代码页 65001)。
C:\Users\12891\source\repos\Server\Server\main.cpp(1,1): warning C4828: 文件包含在偏移 0x2836 处开始的字符，该字符在当前源字符集中无效(代码页 65001)。
C:\Users\12891\source\repos\Server\Server\main.cpp(1,1): warning C4828: 文件包含在偏移 0x2838 处开始的字符，该字符在当前源字符集中无效(代码页 65001)。
C:\Users\12891\source\repos\Server\Server\main.cpp(1,1): warning C4828: 文件包含在偏移 0x28c9 处开始的字符，该字符在当前源字符集中无效(代码页 65001)。
C:\Users\12891\source\repos\Server\Server\main.cpp(1,1): warning C4828: 文件包含在偏移 0x28ca 处开始的字符，该字符在当前源字符集中无效(代码页 65001)。
C:\Users\12891\source\repos\Server\Server\main.cpp(1,1): warning C4828: 文件包含在偏移 0x28cf 处开始的字符，该字符在当前源字符集中无效(代码页 65001)。
C:\Users\12891\source\repos\Server\Server\main.cpp(1,1): warning C4828: 文件包含在偏移 0x28d4 处开始的字符，该字符在当前源字符集中无效(代码页 65001)。
C:\Users\12891\source\repos\Server\Server\main.cpp(1,1): warning C4828: 文件包含在偏移 0x2a13 处开始的字符，该字符在当前源字符集中无效(代码页 65001)。
C:\Users\12891\source\repos\Server\Server\main.cpp(1,1): warning C4828: 文件包含在偏移 0x2a14 处开始的字符，该字符在当前源字符集中无效(代码页 65001)。
C:\Users\12891\source\repos\Server\Server\main.cpp(1,1): warning C4828: 文件包含在偏移 0x2a17 处开始的字符，该字符在当前源字符集中无效(代码页 65001)。
C:\Users\12891\source\repos\Server\Server\main.cpp(1,1): warning C4828: 文件包含在偏移 0x2a18 处开始的字符，该字符在当前源字符集中无效(代码页 65001)。
C:\Users\12891\source\repos\Server\Server\main.cpp(1,1): warning C4828: 文件包含在偏移 0x2a19 处开始的字符，该字符在当前源字符集中无效(代码页 65001)。
C:\Users\12891\source\repos\Server\Server\main.cpp(1,1): warning C4828: 文件包含在偏移 0x2a1a 处开始的字符，该字符在当前源字符集中无效(代码页 65001)。
C:\Users\12891\source\repos\Server\Server\main.cpp(1,1): warning C4828: 文件包含在偏移 0x2a1c 处开始的字符，该字符在当前源字符集中无效(代码页 65001)。
C:\Users\12891\source\repos\Server\Server\main.cpp(1,1): warning C4828: 文件包含在偏移 0x2af8 处开始的字符，该字符在当前源字符集中无效(代码页 65001)。
C:\Users\12891\source\repos\Server\Server\main.cpp(1,1): warning C4828: 文件包含在偏移 0x2af9 处开始的字符，该字符在当前源字符集中无效(代码页 65001)。
C:\Users\12891\source\repos\Server\Server\main.cpp(1,1): warning C4828: 文件包含在偏移 0x2aff 处开始的字符，该字符在当前源字符集中无效(代码页 65001)。
C:\Users\12891\source\repos\Server\Server\main.cpp(1,1): warning C4828: 文件包含在偏移 0x2b00 处开始的字符，该字符在当前源字符集中无效(代码页 65001)。
C:\Users\12891\source\repos\Server\Server\main.cpp(1,1): warning C4828: 文件包含在偏移 0x2b01 处开始的字符，该字符在当前源字符集中无效(代码页 65001)。
C:\Users\12891\source\repos\Server\Server\main.cpp(1,1): warning C4828: 文件包含在偏移 0x2b03 处开始的字符，该字符在当前源字符集中无效(代码页 65001)。
C:\Users\12891\source\repos\Server\Server\main.cpp(1,1): warning C4828: 文件包含在偏移 0x2b04 处开始的字符，该字符在当前源字符集中无效(代码页 65001)。
C:\Users\12891\source\repos\Server\Server\main.cpp(1,1): warning C4828: 文件包含在偏移 0x2b05 处开始的字符，该字符在当前源字符集中无效(代码页 65001)。
C:\Users\12891\source\repos\Server\Server\main.cpp(1,1): warning C4828: 文件包含在偏移 0x2be4 处开始的字符，该字符在当前源字符集中无效(代码页 65001)。
C:\Users\12891\source\repos\Server\Server\main.cpp(1,1): warning C4828: 文件包含在偏移 0x2be6 处开始的字符，该字符在当前源字符集中无效(代码页 65001)。
C:\Users\12891\source\repos\Server\Server\main.cpp(1,1): warning C4828: 文件包含在偏移 0x2be8 处开始的字符，该字符在当前源字符集中无效(代码页 65001)。
C:\Users\12891\source\repos\Server\Server\main.cpp(1,1): warning C4828: 文件包含在偏移 0x2be9 处开始的字符，该字符在当前源字符集中无效(代码页 65001)。
C:\Users\12891\source\repos\Server\Server\main.cpp(1,1): warning C4828: 文件包含在偏移 0x2c08 处开始的字符，该字符在当前源字符集中无效(代码页 65001)。
C:\Users\12891\source\repos\Server\Server\main.cpp(1,1): warning C4828: 文件包含在偏移 0x2c09 处开始的字符，该字符在当前源字符集中无效(代码页 65001)。
C:\Users\12891\source\repos\Server\Server\main.cpp(1,1): warning C4828: 文件包含在偏移 0x2c0b 处开始的字符，该字符在当前源字符集中无效(代码页 65001)。
C:\Users\12891\source\repos\Server\Server\main.cpp(1,1): warning C4828: 文件包含在偏移 0x2c0d 处开始的字符，该字符在当前源字符集中无效(代码页 65001)。
C:\Users\12891\source\repos\Server\Server\main.cpp(1,1): warning C4828: 文件包含在偏移 0x2c0e 处开始的字符，该字符在当前源字符集中无效(代码页 65001)。
C:\Users\12891\source\repos\Server\Server\main.cpp(1,1): warning C4828: 文件包含在偏移 0x2c0f 处开始的字符，该字符在当前源字符集中无效(代码页 65001)。
C:\Users\12891\source\repos\Server\Server\main.cpp(1,1): warning C4828: 文件包含在偏移 0x2d1a 处开始的字符，该字符在当前源字符集中无效(代码页 65001)。
C:\Users\12891\source\repos\Server\Server\main.cpp(1,1): warning C4828: 文件包含在偏移 0x2d1b 处开始的字符，该字符在当前源字符集中无效(代码页 65001)。
C:\Users\12891\source\repos\Server\Server\main.cpp(1,1): warning C4828: 文件包含在偏移 0x2d1c 处开始的字符，该字符在当前源字符集中无效(代码页 65001)。
C:\Users\12891\source\repos\Server\Server\main.cpp(1,1): warning C4828: 文件包含在偏移 0x2d1e 处开始的字符，该字符在当前源字符集中无效(代码页 65001)。
C:\Users\12891\source\repos\Server\Server\main.cpp(1,1): warning C4828: 文件包含在偏移 0x2d20 处开始的字符，该字符在当前源字符集中无效(代码页 65001)。
C:\Users\12891\source\repos\Server\Server\main.cpp(1,1): warning C4828: 文件包含在偏移 0x2d21 处开始的字符，该字符在当前源字符集中无效(代码页 65001)。
C:\Users\12891\source\repos\Server\Server\main.cpp(1,1): warning C4828: 文件包含在偏移 0x2d73 处开始的字符，该字符在当前源字符集中无效(代码页 65001)。
C:\Users\12891\source\repos\Server\Server\main.cpp(1,1): warning C4828: 文件包含在偏移 0x2d75 处开始的字符，该字符在当前源字符集中无效(代码页 65001)。
C:\Users\12891\source\repos\Server\Server\main.cpp(1,1): warning C4828: 文件包含在偏移 0x2d76 处开始的字符，该字符在当前源字符集中无效(代码页 65001)。
C:\Users\12891\source\repos\Server\Server\main.cpp(1,1): warning C4828: 文件包含在偏移 0x2d7a 处开始的字符，该字符在当前源字符集中无效(代码页 65001)。
C:\Users\12891\source\repos\Server\Server\main.cpp(1,1): warning C4828: 文件包含在偏移 0x2d7b 处开始的字符，该字符在当前源字符集中无效(代码页 65001)。
C:\Users\12891\source\repos\Server\Server\main.cpp(1,1): warning C4828: 文件包含在偏移 0x2d7d 处开始的字符，该字符在当前源字符集中无效(代码页 65001)。
C:\Users\12891\source\repos\Server\Server\main.cpp(1,1): warning C4828: 文件包含在偏移 0x2d7f 处开始的字符，该字符在当前源字符集中无效(代码页 65001)。
C:\Users\12891\source\repos\Server\Server\main.cpp(1,1): warning C4828: 文件包含在偏移 0x2d80 处开始的字符，该字符在当前源字符集中无效(代码页 65001)。
C:\Users\12891\source\repos\Server\Server\main.cpp(1,1): warning C4828: 文件包含在偏移 0x2d81 处开始的字符，该字符在当前源字符集中无效(代码页 65001)。
C:\Users\12891\source\repos\Server\Server\main.cpp(1,1): warning C4828: 文件包含在偏移 0x2d84 处开始的字符，该字符在当前源字符集中无效(代码页 65001)。
C:\Users\12891\source\repos\Server\Server\main.cpp(1,1): warning C4828: 文件包含在偏移 0x2d89 处开始的字符，该字符在当前源字符集中无效(代码页 65001)。
C:\Users\12891\source\repos\Server\Server\main.cpp(1,1): warning C4828: 文件包含在偏移 0x2d8c 处开始的字符，该字符在当前源字符集中无效(代码页 65001)。
C:\Users\12891\source\repos\Server\Server\main.cpp(1,1): warning C4828: 文件包含在偏移 0x2d8d 处开始的字符，该字符在当前源字符集中无效(代码页 65001)。
C:\Users\12891\source\repos\Server\Server\main.cpp(1,1): warning C4828: 文件包含在偏移 0x2d8e 处开始的字符，该字符在当前源字符集中无效(代码页 65001)。
C:\Users\12891\source\repos\Server\Server\main.cpp(1,1): warning C4828: 文件包含在偏移 0x2d8f 处开始的字符，该字符在当前源字符集中无效(代码页 65001)。
C:\Users\12891\source\repos\Server\Server\main.cpp(1,1): warning C4828: 文件包含在偏移 0x2d90 处开始的字符，该字符在当前源字符集中无效(代码页 65001)。
C:\Users\12891\source\repos\Server\Server\main.cpp(1,1): warning C4828: 文件包含在偏移 0x2d94 处开始的字符，该字符在当前源字符集中无效(代码页 65001)。
C:\Users\12891\source\repos\Server\Server\main.cpp(1,1): warning C4828: 文件包含在偏移 0x2d97 处开始的字符，该字符在当前源字符集中无效(代码页 65001)。
C:\Users\12891\source\repos\Server\Server\main.cpp(1,1): warning C4828: 文件包含在偏移 0x2e0a 处开始的字符，该字符在当前源字符集中无效(代码页 65001)。
C:\Users\12891\source\repos\Server\Server\main.cpp(1,1): warning C4828: 文件包含在偏移 0x2e0c 处开始的字符，该字符在当前源字符集中无效(代码页 65001)。
C:\Users\12891\source\repos\Server\Server\main.cpp(1,1): warning C4828: 文件包含在偏移 0x2e0f 处开始的字符，该字符在当前源字符集中无效(代码页 65001)。
C:\Users\12891\source\repos\Server\Server\main.cpp(1,1): warning C4828: 文件包含在偏移 0x2e11 处开始的字符，该字符在当前源字符集中无效(代码页 65001)。
C:\Users\12891\source\repos\Server\Server\main.cpp(1,1): warning C4828: 文件包含在偏移 0x2e14 处开始的字符，该字符在当前源字符集中无效(代码页 65001)。
C:\Users\12891\source\repos\Server\Server\main.cpp(1,1): warning C4828: 文件包含在偏移 0x2e15 处开始的字符，该字符在当前源字符集中无效(代码页 65001)。
C:\Users\12891\source\repos\Server\Server\main.cpp(1,1): warning C4828: 文件包含在偏移 0x2e16 处开始的字符，该字符在当前源字符集中无效(代码页 65001)。
C:\Users\12891\source\repos\Server\Server\main.cpp(1,1): warning C4828: 文件包含在偏移 0x2e17 处开始的字符，该字符在当前源字符集中无效(代码页 65001)。
C:\Users\12891\source\repos\Server\Server\main.cpp(1,1): warning C4828: 文件包含在偏移 0x2e1a 处开始的字符，该字符在当前源字符集中无效(代码页 65001)。
C:\Users\12891\source\repos\Server\Server\main.cpp(1,1): warning C4828: 文件包含在偏移 0x2e1b 处开始的字符，该字符在当前源字符集中无效(代码页 65001)。
C:\Users\12891\source\repos\Server\Server\main.cpp(1,1): warning C4828: 文件包含在偏移 0x2e1c 处开始的字符，该字符在当前源字符集中无效(代码页 65001)。
C:\Users\12891\source\repos\Server\Server\main.cpp(1,1): warning C4828: 文件包含在偏移 0x2e20 处开始的字符，该字符在当前源字符集中无效(代码页 65001)。
C:\Users\12891\source\repos\Server\Server\main.cpp(1,1): warning C4828: 文件包含在偏移 0x2e81 处开始的字符，该字符在当前源字符集中无效(代码页 65001)。
C:\Users\12891\source\repos\Server\Server\main.cpp(1,1): warning C4828: 文件包含在偏移 0x2e82 处开始的字符，该字符在当前源字符集中无效(代码页 65001)。
C:\Users\12891\source\repos\Server\Server\main.cpp(1,1): warning C4828: 文件包含在偏移 0x2e83 处开始的字符，该字符在当前源字符集中无效(代码页 65001)。
C:\Users\12891\source\repos\Server\Server\main.cpp(1,1): warning C4828: 文件包含在偏移 0x2e84 处开始的字符，该字符在当前源字符集中无效(代码页 65001)。
C:\Users\12891\source\repos\Server\Server\main.cpp(1,1): warning C4828: 文件包含在偏移 0x2e89 处开始的字符，该字符在当前源字符集中无效(代码页 65001)。
C:\Users\12891\source\repos\Server\Server\main.cpp(1,1): warning C4828: 文件包含在偏移 0x2e8a 处开始的字符，该字符在当前源字符集中无效(代码页 65001)。
C:\Users\12891\source\repos\Server\Server\main.cpp(1,1): warning C4828: 文件包含在偏移 0x2e8d 处开始的字符，该字符在当前源字符集中无效(代码页 65001)。
C:\Users\12891\source\repos\Server\Server\main.cpp(1,1): warning C4828: 文件包含在偏移 0x2e8e 处开始的字符，该字符在当前源字符集中无效(代码页 65001)。
C:\Users\12891\source\repos\Server\Server\main.cpp(1,1): warning C4828: 文件包含在偏移 0x2e90 处开始的字符，该字符在当前源字符集中无效(代码页 65001)。
C:\Users\12891\source\repos\Server\Server\main.cpp(1,1): warning C4828: 文件包含在偏移 0x2e92 处开始的字符，该字符在当前源字符集中无效(代码页 65001)。
C:\Users\12891\source\repos\Server\Server\main.cpp(1,1): warning C4828: 文件包含在偏移 0x2e95 处开始的字符，该字符在当前源字符集中无效(代码页 65001)。
C:\Users\12891\source\repos\Server\Server\main.cpp(1,1): warning C4828: 文件包含在偏移 0x2e96 处开始的字符，该字符在当前源字符集中无效(代码页 65001)。
C:\Users\12891\source\repos\Server\Server\main.cpp(1,1): warning C4828: 文件包含在偏移 0x2e97 处开始的字符，该字符在当前源字符集中无效(代码页 65001)。
C:\Users\12891\source\repos\Server\Server\main.cpp(1,1): warning C4828: 文件包含在偏移 0x2e98 处开始的字符，该字符在当前源字符集中无效(代码页 65001)。
C:\Users\12891\source\repos\Server\Server\main.cpp(1,1): warning C4828: 文件包含在偏移 0x3349 处开始的字符，该字符在当前源字符集中无效(代码页 65001)。
C:\Users\12891\source\repos\Server\Server\main.cpp(1,1): warning C4828: 文件包含在偏移 0x334a 处开始的字符，该字符在当前源字符集中无效(代码页 65001)。
C:\Users\12891\source\repos\Server\Server\main.cpp(1,1): warning C4828: 文件包含在偏移 0x334b 处开始的字符，该字符在当前源字符集中无效(代码页 65001)。
C:\Users\12891\source\repos\Server\Server\main.cpp(1,1): warning C4828: 文件包含在偏移 0x334f 处开始的字符，该字符在当前源字符集中无效(代码页 65001)。
C:\Users\12891\source\repos\Server\Server\main.cpp(1,1): warning C4828: 文件包含在偏移 0x3350 处开始的字符，该字符在当前源字符集中无效(代码页 65001)。
C:\Users\12891\source\repos\Server\Server\main.cpp(1,1): warning C4828: 文件包含在偏移 0x3352 处开始的字符，该字符在当前源字符集中无效(代码页 65001)。
C:\Users\12891\source\repos\Server\Server\main.cpp(1,1): warning C4828: 文件包含在偏移 0x3353 处开始的字符，该字符在当前源字符集中无效(代码页 65001)。
C:\Users\12891\source\repos\Server\Server\main.cpp(1,1): warning C4828: 文件包含在偏移 0x3354 处开始的字符，该字符在当前源字符集中无效(代码页 65001)。
C:\Users\12891\source\repos\Server\Server\main.cpp(1,1): warning C4828: 文件包含在偏移 0x343e 处开始的字符，该字符在当前源字符集中无效(代码页 65001)。
C:\Users\12891\source\repos\Server\Server\main.cpp(1,1): warning C4828: 文件包含在偏移 0x343f 处开始的字符，该字符在当前源字符集中无效(代码页 65001)。
C:\Users\12891\source\repos\Server\Server\main.cpp(1,1): warning C4828: 文件包含在偏移 0x3441 处开始的字符，该字符在当前源字符集中无效(代码页 65001)。
C:\Users\12891\source\repos\Server\Server\main.cpp(1,1): warning C4828: 文件包含在偏移 0x3550 处开始的字符，该字符在当前源字符集中无效(代码页 65001)。
C:\Users\12891\source\repos\Server\Server\main.cpp(1,1): warning C4828: 文件包含在偏移 0x3551 处开始的字符，该字符在当前源字符集中无效(代码页 65001)。
C:\Users\12891\source\repos\Server\Server\main.cpp(1,1): warning C4828: 文件包含在偏移 0x3553 处开始的字符，该字符在当前源字符集中无效(代码页 65001)。
C:\Users\12891\source\repos\Server\Server\main.cpp(1,1): warning C4828: 文件包含在偏移 0x3558 处开始的字符，该字符在当前源字符集中无效(代码页 65001)。
C:\Users\12891\source\repos\Server\Server\main.cpp(1,1): warning C4828: 文件包含在偏移 0x3cbc 处开始的字符，该字符在当前源字符集中无效(代码页 65001)。
C:\Users\12891\source\repos\Server\Server\main.cpp(1,1): warning C4828: 文件包含在偏移 0x3cbf 处开始的字符，该字符在当前源字符集中无效(代码页 65001)。
C:\Users\12891\source\repos\Server\Server\main.cpp(1,1): warning C4828: 文件包含在偏移 0x3cc3 处开始的字符，该字符在当前源字符集中无效(代码页 65001)。
C:\Users\12891\source\repos\Server\Server\main.cpp(1,1): warning C4828: 文件包含在偏移 0x3cc5 处开始的字符，该字符在当前源字符集中无效(代码页 65001)。
C:\Users\12891\source\repos\Server\Server\main.cpp(389,39): warning C4474: printf: 格式字符串中传递的参数太多
C:\Users\12891\source\repos\Server\Server\main.cpp(389,39): message : 占位符和其参数预计 0 可变参数，但提供的却是 1 参数
C:\Users\12891\source\repos\Server\Server\main.cpp(464,70): warning C4267: “初始化”: 从“size_t”转换到“int”，可能丢失数据
  Server.vcxproj -> C:\Users\12891\source\repos\Server\x64\Debug\Server.exe
